<?xml version="1.0" encoding="UTF-8"?>
<testng-results ignored="0" total="7" passed="7" failed="0" skipped="0">
  <reporter-output>
  </reporter-output>
  <suite started-at="2020-12-24T10:55:00 IST" name="Default suite" finished-at="2020-12-24T10:57:37 IST" duration-ms="157593">
    <groups>
      <group name="cucumber">
        <method signature="AbstractTestNGCucumberTests.runScenario(io.cucumber.testng.PickleWrapper, io.cucumber.testng.FeatureWrapper)[pri:0, instance:login.TestRunnerLogin@41fecb8b]" name="runScenario" class="io.cucumber.testng.AbstractTestNGCucumberTests"/>
      </group> <!-- cucumber -->
    </groups>
    <test started-at="2020-12-24T10:55:00 IST" name="Default test" finished-at="2020-12-24T10:57:37 IST" duration-ms="157593">
      <class name="login.TestRunnerLogin">
        <test-method is-config="true" signature="setUpClass()[pri:0, instance:login.TestRunnerLogin@41fecb8b]" started-at="2020-12-24T10:55:00 IST" name="setUpClass" finished-at="2020-12-24T10:55:01 IST" duration-ms="1005" status="PASS">
          <reporter-output>
          </reporter-output>
        </test-method> <!-- setUpClass -->
        <test-method signature="runScenario(io.cucumber.testng.PickleWrapper, io.cucumber.testng.FeatureWrapper)[pri:0, instance:login.TestRunnerLogin@41fecb8b]" started-at="2020-12-24T10:55:01 IST" name="runScenario" description="Runs Cucumber Scenarios" data-provider="scenarios" finished-at="2020-12-24T10:55:33 IST" duration-ms="31835" status="PASS">
          <params>
            <param index="0">
              <value>
                <![CDATA["User can login with valid credentials"]]>
              </value>
            </param>
            <param index="1">
              <value>
                <![CDATA["Optional[Check login functionality]"]]>
              </value>
            </param>
          </params>
          <reporter-output>
          </reporter-output>
        </test-method> <!-- runScenario -->
        <test-method signature="runScenario(io.cucumber.testng.PickleWrapper, io.cucumber.testng.FeatureWrapper)[pri:0, instance:login.TestRunnerLogin@41fecb8b]" started-at="2020-12-24T10:55:33 IST" name="runScenario" description="Runs Cucumber Scenarios" data-provider="scenarios" finished-at="2020-12-24T10:55:53 IST" duration-ms="19886" status="PASS">
          <params>
            <param index="0">
              <value>
                <![CDATA["User cannot login with invalid credentials"]]>
              </value>
            </param>
            <param index="1">
              <value>
                <![CDATA["Optional[Check login functionality]"]]>
              </value>
            </param>
          </params>
          <reporter-output>
          </reporter-output>
        </test-method> <!-- runScenario -->
        <test-method signature="runScenario(io.cucumber.testng.PickleWrapper, io.cucumber.testng.FeatureWrapper)[pri:0, instance:login.TestRunnerLogin@41fecb8b]" started-at="2020-12-24T10:55:53 IST" name="runScenario" description="Runs Cucumber Scenarios" data-provider="scenarios" finished-at="2020-12-24T10:56:19 IST" duration-ms="26264" status="PASS">
          <params>
            <param index="0">
              <value>
                <![CDATA["User cannot login with invalid credentials"]]>
              </value>
            </param>
            <param index="1">
              <value>
                <![CDATA["Optional[Check login functionality]"]]>
              </value>
            </param>
          </params>
          <reporter-output>
          </reporter-output>
        </test-method> <!-- runScenario -->
        <test-method signature="runScenario(io.cucumber.testng.PickleWrapper, io.cucumber.testng.FeatureWrapper)[pri:0, instance:login.TestRunnerLogin@41fecb8b]" started-at="2020-12-24T10:56:19 IST" name="runScenario" description="Runs Cucumber Scenarios" data-provider="scenarios" finished-at="2020-12-24T10:56:41 IST" duration-ms="21776" status="PASS">
          <params>
            <param index="0">
              <value>
                <![CDATA["User cannot login with invalid credentials"]]>
              </value>
            </param>
            <param index="1">
              <value>
                <![CDATA["Optional[Check login functionality]"]]>
              </value>
            </param>
          </params>
          <reporter-output>
          </reporter-output>
        </test-method> <!-- runScenario -->
        <test-method signature="runScenario(io.cucumber.testng.PickleWrapper, io.cucumber.testng.FeatureWrapper)[pri:0, instance:login.TestRunnerLogin@41fecb8b]" started-at="2020-12-24T10:56:41 IST" name="runScenario" description="Runs Cucumber Scenarios" data-provider="scenarios" finished-at="2020-12-24T10:57:00 IST" duration-ms="19659" status="PASS">
          <params>
            <param index="0">
              <value>
                <![CDATA["User cannot login with invalid credentials"]]>
              </value>
            </param>
            <param index="1">
              <value>
                <![CDATA["Optional[Check login functionality]"]]>
              </value>
            </param>
          </params>
          <reporter-output>
          </reporter-output>
        </test-method> <!-- runScenario -->
        <test-method signature="runScenario(io.cucumber.testng.PickleWrapper, io.cucumber.testng.FeatureWrapper)[pri:0, instance:login.TestRunnerLogin@41fecb8b]" started-at="2020-12-24T10:57:00 IST" name="runScenario" description="Runs Cucumber Scenarios" data-provider="scenarios" finished-at="2020-12-24T10:57:21 IST" duration-ms="20643" status="PASS">
          <params>
            <param index="0">
              <value>
                <![CDATA["User cannot login with invalid credentials"]]>
              </value>
            </param>
            <param index="1">
              <value>
                <![CDATA["Optional[Check login functionality]"]]>
              </value>
            </param>
          </params>
          <reporter-output>
          </reporter-output>
        </test-method> <!-- runScenario -->
        <test-method signature="runScenario(io.cucumber.testng.PickleWrapper, io.cucumber.testng.FeatureWrapper)[pri:0, instance:login.TestRunnerLogin@41fecb8b]" started-at="2020-12-24T10:57:21 IST" name="runScenario" description="Runs Cucumber Scenarios" data-provider="scenarios" finished-at="2020-12-24T10:57:37 IST" duration-ms="16300" status="PASS">
          <params>
            <param index="0">
              <value>
                <![CDATA["User cannot login with invalid credentials"]]>
              </value>
            </param>
            <param index="1">
              <value>
                <![CDATA["Optional[Check login functionality]"]]>
              </value>
            </param>
          </params>
          <reporter-output>
          </reporter-output>
        </test-method> <!-- runScenario -->
        <test-method is-config="true" signature="tearDownClass()[pri:0, instance:login.TestRunnerLogin@41fecb8b]" started-at="2020-12-24T10:57:37 IST" name="tearDownClass" finished-at="2020-12-24T10:57:37 IST" duration-ms="33" status="PASS">
          <reporter-output>
          </reporter-output>
        </test-method> <!-- tearDownClass -->
      </class> <!-- login.TestRunnerLogin -->
    </test> <!-- Default test -->
  </suite> <!-- Default suite -->
</testng-results>
